[debug] [2023-12-19T16:23:44.572Z] ----------------------------------------------------------------------
[debug] [2023-12-19T16:23:44.574Z] Command:       C:\Program Files\nodejs\node.exe C:\Users\nghia\AppData\Roaming\npm\node_modules\firebase-tools\lib\bin\firebase.js init
[debug] [2023-12-19T16:23:44.575Z] CLI Version:   13.0.2
[debug] [2023-12-19T16:23:44.575Z] Platform:      win32
[debug] [2023-12-19T16:23:44.575Z] Node Version:  v20.9.0
[debug] [2023-12-19T16:23:44.575Z] Time:          Tue Dec 19 2023 23:23:44 GMT+0700 (Indochina Time)
[debug] [2023-12-19T16:23:44.575Z] ----------------------------------------------------------------------
[debug] 
[debug] [2023-12-19T16:23:44.644Z] > command requires scopes: ["email","openid","https://www.googleapis.com/auth/cloudplatformprojects.readonly","https://www.googleapis.com/auth/firebase","https://www.googleapis.com/auth/cloud-platform"]
[debug] [2023-12-19T16:23:44.644Z] > authorizing via signed-in user (nghiaaiiis@gmail.com)
[info] 
     ######## #### ########  ######## ########     ###     ######  ########
     ##        ##  ##     ## ##       ##     ##  ##   ##  ##       ##
     ######    ##  ########  ######   ########  #########  ######  ######
     ##        ##  ##    ##  ##       ##     ## ##     ##       ## ##
     ##       #### ##     ## ######## ########  ##     ##  ######  ########

You're about to initialize a Firebase project in this directory:

  D:\DATN\IMS-for-GPS

Before we get started, keep in mind:

  * You are initializing within an existing Firebase project directory

[info] 
=== Project Setup
[info] 
[info] First, let's associate this project directory with a Firebase project.
[info] You can create multiple project aliases by running firebase use --add, 
[info] but for now we'll just set up a default project.
[info] 
[debug] [2023-12-19T16:23:54.031Z] Using project from CLI flag: esp32-jpg
[debug] [2023-12-19T16:23:54.032Z] > refreshing access token with scopes: []
[debug] [2023-12-19T16:23:54.034Z] >>> [apiv2][query] POST https://www.googleapis.com/oauth2/v3/token [none]
[debug] [2023-12-19T16:23:54.034Z] >>> [apiv2][body] POST https://www.googleapis.com/oauth2/v3/token [omitted]
[debug] [2023-12-19T16:23:54.354Z] <<< [apiv2][status] POST https://www.googleapis.com/oauth2/v3/token 200
[debug] [2023-12-19T16:23:54.354Z] <<< [apiv2][body] POST https://www.googleapis.com/oauth2/v3/token [omitted]
[debug] [2023-12-19T16:23:54.361Z] >>> [apiv2][query] GET https://firebase.googleapis.com/v1beta1/projects/esp32-jpg [none]
[debug] [2023-12-19T16:23:54.725Z] <<< [apiv2][status] GET https://firebase.googleapis.com/v1beta1/projects/esp32-jpg 200
[debug] [2023-12-19T16:23:54.725Z] <<< [apiv2][body] GET https://firebase.googleapis.com/v1beta1/projects/esp32-jpg {"projectId":"esp32-jpg","projectNumber":"920690890951","displayName":"Esp32","name":"projects/esp32-jpg","resources":{"hostingSite":"esp32-jpg","realtimeDatabaseInstance":"esp32-jpg-default-rtdb","storageBucket":"esp32-jpg.appspot.com","locationId":"asia-southeast1"},"state":"ACTIVE","etag":"1_b9a68f16-5ad1-4e4d-8b3a-8b03e419aa29"}
[info] i  Using project esp32-jpg (Esp32) 
[info] 
=== Hosting Setup
[debug] [2023-12-19T16:23:54.731Z] >>> [apiv2][query] GET https://firebase.googleapis.com/v1beta1/projects/esp32-jpg [none]
[debug] [2023-12-19T16:23:55.069Z] <<< [apiv2][status] GET https://firebase.googleapis.com/v1beta1/projects/esp32-jpg 200
[debug] [2023-12-19T16:23:55.069Z] <<< [apiv2][body] GET https://firebase.googleapis.com/v1beta1/projects/esp32-jpg {"projectId":"esp32-jpg","projectNumber":"920690890951","displayName":"Esp32","name":"projects/esp32-jpg","resources":{"hostingSite":"esp32-jpg","realtimeDatabaseInstance":"esp32-jpg-default-rtdb","storageBucket":"esp32-jpg.appspot.com","locationId":"asia-southeast1"},"state":"ACTIVE","etag":"1_b9a68f16-5ad1-4e4d-8b3a-8b03e419aa29"}
[info] 
[info] Your public directory is the folder (relative to your project directory) that
[info] will contain Hosting assets to be uploaded with firebase deploy. If you
[info] have a build process for your assets, use your build's output directory.
[info] 
